<?xml version="1.0" encoding="UTF-8"?>
<testng-results total="1" passed="1" failed="0" skipped="0">
  <reporter-output>
    <line>
      <![CDATA[Application opened]]>
    </line>
    <line>
      <![CDATA[Login completed]]>
    </line>
    <line>
      <![CDATA[Logout completed]]>
    </line>
    <line>
      <![CDATA[Close application]]>
    </line>
  </reporter-output>
  <suite started-at="2022-08-10T15:04:10Z" name="Default suite" finished-at="2022-08-10T15:04:17Z" duration-ms="7778">
    <groups>
    </groups>
    <test started-at="2022-08-10T15:04:10Z" name="Default test" finished-at="2022-08-10T15:04:17Z" duration-ms="7778">
      <class name="com.hrms.testscripts.TC015_EmpstatusAdd">
        <test-method signature="empadd()[pri:0, instance:com.hrms.testscripts.TC015_EmpstatusAdd@7393222f]" started-at="2022-08-10T20:34:10Z" name="empadd" finished-at="2022-08-10T20:34:17Z" duration-ms="7763" status="PASS">
          <reporter-output>
            <line>
              <![CDATA[Application opened]]>
            </line>
            <line>
              <![CDATA[Login completed]]>
            </line>
            <line>
              <![CDATA[Logout completed]]>
            </line>
            <line>
              <![CDATA[Close application]]>
            </line>
          </reporter-output>
        </test-method> <!-- empadd -->
      </class> <!-- com.hrms.testscripts.TC015_EmpstatusAdd -->
    </test> <!-- Default test -->
  </suite> <!-- Default suite -->
</testng-results>
